This is pdfTeX, Version 3.141592653-2.6-1.40.26 (TeX Live 2024) (preloaded format=pdflatex 2025.7.29)  3 MAR 2026 17:08
entering extended mode
 restricted \write18 enabled.
 %&-line parsing enabled.
**RJournal.sty
(./RJournal.sty
LaTeX2e <2024-11-01> patch level 2
L3 programming layer <2025-01-18>

LaTeX Warning: You have requested file `',
               but the file provides `RJournal'.

Package: RJournal 2022/06/27 v0.14 RJournal package
(/Users/tijnjacobs/Library/TinyTeX/texmf-dist/tex/latex/geometry/geometry.sty
Package: geometry 2020/01/02 v5.9 Page Geometry
 (/Users/tijnjacobs/Library/TinyTeX/texmf-dist/tex/latex/graphics/keyval.sty
Package: keyval 2022/05/29 v1.15 key=value parser (DPC)
\KV@toks@=\toks17
) (/Users/tijnjacobs/Library/TinyTeX/texmf-dist/tex/generic/iftex/ifvtex.sty
Package: ifvtex 2019/10/25 v1.7 ifvtex legacy package. Use iftex instead.
 (/Users/tijnjacobs/Library/TinyTeX/texmf-dist/tex/generic/iftex/iftex.sty
Package: iftex 2024/12/12 v1.0g TeX engine tests
))
\Gm@cnth=\count196
\Gm@cntv=\count197
\c@Gm@tempcnt=\count198
\Gm@bindingoffset=\dimen141
\Gm@wd@mp=\dimen142
\Gm@odd@mp=\dimen143
\Gm@even@mp=\dimen144
\Gm@layoutwidth=\dimen145
\Gm@layoutheight=\dimen146
\Gm@layouthoffset=\dimen147
\Gm@layoutvoffset=\dimen148
\Gm@dimlist=\toks18

! Missing \endcsname inserted.
<to be read again> 
                   \@classoptionslist 
l.1003 \ProcessOptionsKV[c]{Gm}
                               %
The control sequence marked <to be read again> should
not appear between \csname and \endcsname.


! Package geometry Error: \paperwidth (0.0pt) too short.

See the geometry package documentation for explanation.
Type  H <return>  for immediate help.
 ...                                              
                                                  
l.1006 \Gm@process
                  
Set a paper type (e.g., `a4paper').


! Package geometry Error: \paperheight (0.0pt) too short.

See the geometry package documentation for explanation.
Type  H <return>  for immediate help.
 ...                                              
                                                  
l.1006 \Gm@process
                  
Set a paper type (e.g., `a4paper').

)

! LaTeX Error: File `fancyhdr.sty' not found.

Type X to quit or <RETURN> to proceed,
or enter new name. (Default extension: sty)

Enter file name: 
! Emergency stop.
<read *> 
         
l.32 \fancyhead
               {}^^M
*** (cannot \read from terminal in nonstop modes)

 
Here is how much of TeX's memory you used:
 620 strings out of 475172
 9763 string characters out of 5764805
 399186 words of memory out of 5000000
 23702 multiletter control sequences out of 15000+600000
 558837 words of font info for 36 fonts, out of 8000000 for 9000
 14 hyphenation exceptions out of 8191
 57i,0n,65p,154b,18s stack positions out of 10000i,1000n,20000p,200000b,200000s
!  ==> Fatal error occurred, no output PDF file produced!
